1. Volume: 0 |
2. Volume: 70 |
3. Volume: 67 |
4. Volume: 11 |
5. Volume: 37 |
6. Volume: 68 |
7. Volume: 32 |
8. Volume: 35 |
9. Volume: 87 |
10. Volume: 83 |
11. Volume: 64 |
12. Volume: 55 |
13. Volume: 66 |
14. Volume: 85 |
15. Volume: 19 |
16. Volume: 5 |
17. Volume: 24 |
18. Volume: 80 |
19. Volume: 80 |
20. Volume: 44 |
21. Volume: 100 |
22. Volume: 100 |
23. Volume: 100 |
24. Volume: 100 |
25. Volume: 100 |
26. Volume: 100 |
27. Volume: 100 |
28. Volume: 100 |
29. Volume: 100 |
30. Volume: 100 |
31. Volume: 100 |
32. Volume: 100 |
33. Volume: 100 |
34. Volume: 100 |
35. Volume: 100 |
36. Volume: 100 |
37. Volume: 100 |
38. Volume: 100 |
39. Volume: 100 |
40. Volume: 100 |
41. Volume: 100 |
42. Volume: 100 |
43. Volume: 100 |
44. Volume: 100 |
45. Volume: 100 |
46. Volume: 100 |
47. Volume: 100 |
48. Volume: 100 |
49. Volume: 100 |
50. Volume: 100 |
51. Volume: 100 |
52. Volume: 100 |
53. Volume: 100 |
54. Volume: 100 |
55. Volume: 100 |
56. Volume: 100 |
57. Volume: 100 |
58. Volume: 100 |
59. Volume: 100 |
60. Volume: 100 |
61. Volume: 100 |
62. Volume: 100 |
63. Volume: 100 |
64. Volume: 100 |
65. Volume: 100 |
66. Volume: 100 |
67. Volume: 100 |
68. Volume: 100 |
69. Volume: 100 |
70. Volume: 100 |
71. Volume: 100 |
72. Volume: 100 |
73. Volume: 100 |
74. Volume: 100 |
75. Volume: 100 |
76. Volume: 100 |
77. Volume: 100 |
78. Volume: 100 |
79. Volume: 100 |
80. Volume: 100 |
81. Volume: 100 |
82. Volume: 100 |
83. Volume: 100 |
84. Volume: 100 |
85. Volume: 100 |
86. Volume: 100 |
87. Volume: 100 |
88. Volume: 100 |
89. Volume: 100 |
90. Volume: 100 |
91. Volume: 100 |
92. Volume: 100 |
93. Volume: 100 |
94. Volume: 100 |
95. Volume: 100 |
96. Volume: 100 |
97. Volume: 100 |
98. Volume: 100 |
99. Volume: 100 |
100. Volume: 100 |
101. Volume: 100 |
102. Volume: 100 |
103. Volume: 100 |
104. Volume: 100 |
105. Volume: 100 |
