1. Seats: 1 |
2. Seats: 89 |
3. Seats: 60 |
4. Seats: 93 |
5. Seats: 62 |
6. Seats: 10 |
7. Seats: 10 |
8. Seats: 10 |
9. Seats: 10 |
10. Seats: 10 |
11. Seats: 10 |
12. Seats: 10 |
13. Seats: 10 |
14. Seats: 10 |
15. Seats: 10 |
16. Seats: 10 |
17. Seats: 10 |
18. Seats: 10 |
19. Seats: 10 |
20. Seats: 10 |
21. Seats: 10 |
22. Seats: 10 |
23. Seats: 10 |
24. Seats: 10 |
25. Seats: 10 |
26. Seats: 10 |
27. Seats: 10 |
28. Seats: 10 |
29. Seats: 10 |
30. Seats: 10 |
31. Seats: 10 |
32. Seats: 10 |
33. Seats: 10 |
34. Seats: 10 |
35. Seats: 10 |
36. Seats: 10 |
37. Seats: 10 |
38. Seats: 10 |
39. Seats: 10 |
40. Seats: 10 |
41. Seats: 10 |
