1. Name: Almaty | Trains: [] |
2. Name: Almaty | Trains: [] |
3. Name: Almaty | Trains: [] |
4. Name: Almaty | Trains: [] |
5. Name: Almaty | Trains: [] |
6. Name: Almaty | Trains: [] |
7. Name: Almaty | Trains: [] |
8. Name: Almaty | Trains: [] |
9. Name: Almaty | Trains: [] |
10. Name: Almaty | Trains: [] |
11. Name: Quapshagai | Trains: [] |
12. Name: Almaty | Trains: [] |
13. Name: Quapshagai | Trains: [] |
14. Name: Almaty | Trains: [] |
15. Name: Quapshagai | Trains: [] |
16. Name: Almaty | Trains: [] |
17. Name: Quapshagai | Trains: [] |
18. Name: Almaty | Trains: [] |
19. Name: Quapshagai | Trains: [] |
20. Name: Almaty | Trains: [] |
21. Name: Quapshagai | Trains: [] |
22. Name: Almaty | Trains: [] |
23. Name: Quapshagai | Trains: [] |
24. Name: Almaty | Trains: [] |
25. Name: Quapshagai | Trains: [] |
26. Name: Almaty | Trains: [] |
27. Name: Quapshagai | Trains: [] |
28. Name: Almaty | Trains: [] |
29. Name: Quapshagai | Trains: [] |
30. Name: Almaty | Trains: [] |
31. Name: Quapshagai | Trains: [] |
32. Name: Almaty | Trains: [] |
33. Name: Quapshagai | Trains: [] |
34. Name: Almaty | Trains: [] |
35. Name: Quapshagai | Trains: [] |
36. Name: Almaty | Trains: [] |
37. Name: Quapshagai | Trains: [] |
38. Name: Almaty | Trains: [] |
39. Name: Quapshagai | Trains: [] |
40. Name: Almaty | Trains: [] |
41. Name: Quapshagai | Trains: [] |
42. Name: Almaty | Trains: [] |
43. Name: Quapshagai | Trains: [] |
44. Name: Almaty | Trains: [] |
45. Name: Quapshagai | Trains: [] |
46. Name: Almaty | Trains: [] |
47. Name: Quapshagai | Trains: [] |
48. Name: Almaty | Trains: [] |
49. Name: Quapshagai | Trains: [] |
50. Name: Almaty | Trains: [] |
51. Name: Quapshagai | Trains: [] |
52. Name: Almaty | Trains: [] |
53. Name: Quapshagai | Trains: [] |
54. Name: Almaty | Trains: [] |
55. Name: Quapshagai | Trains: [] |
56. Name: Almaty | Trains: [] |
57. Name: Quapshagai | Trains: [] |
58. Name: Almaty | Trains: [] |
59. Name: Quapshagai | Trains: [] |
60. Name: Almaty | Trains: [] |
61. Name: Quapshagai | Trains: [] |
62. Name: Almaty | Trains: [] |
63. Name: Quapshagai | Trains: [] |
64. Name: Almaty | Trains: [] |
65. Name: Quapshagai | Trains: [] |
66. Name: Almaty | Trains: [] |
67. Name: Quapshagai | Trains: [] |
68. Name: Almaty | Trains: [] |
69. Name: Quapshagai | Trains: [] |
70. Name: Almaty | Trains: [] |
71. Name: Quapshagai | Trains: [] |
72. Name: Almaty | Trains: [] |
73. Name: Astana | Trains: [] |
74. Name: Almaty | Trains: [] |
75. Name: Astana | Trains: [] |
76. Name: Almaty | Trains: [] |
77. Name: Astana | Trains: [] |
78. Name: Almaty | Trains: [] |
79. Name: Astana | Trains: [] |
80. Name: Almaty | Trains: [] |
81. Name: Astana | Trains: [] |
82. Name: Almaty | Trains: [] |
83. Name: Astana | Trains: [] |
84. Name: Almaty | Trains: [] |
85. Name: Astana | Trains: [] |
86. Name: Almaty | Trains: [] |
87. Name: Astana | Trains: [] |
88. Name: Almaty | Trains: [] |
89. Name: Astana | Trains: [] |
90. Name: Almaty | Trains: [] |
91. Name: Astana | Trains: [] |
92. Name: Almaty | Trains: [] |
93. Name: Astana | Trains: [] |
94. Name: Almaty | Trains: [] |
95. Name: Astana | Trains: [] |
96. Name: Almaty | Trains: [] |
97. Name: Astana | Trains: [] |
98. Name: Almaty | Trains: [] |
99. Name: Astana | Trains: [] |
100. Name: Oskemen | Trains: [] |
101. Name: Almaty | Trains: [] |
102. Name: Astana | Trains: [] |
103. Name: Oskemen | Trains: [] |
104. Name: Almaty | Trains: [] |
105. Name: Astana | Trains: [] |
106. Name: Oskemen | Trains: [] |
107. Name: Almaty | Trains: [] |
108. Name: Astana | Trains: [] |
109. Name: Oskemen | Trains: [] |
110. Name: Almaty | Trains: [] |
111. Name: Astana | Trains: [] |
112. Name: Oskemen | Trains: [] |
113. Name: Almaty | Trains: [] |
114. Name: Astana | Trains: [] |
115. Name: Oskemen | Trains: [] |
116. Name: Almaty | Trains: [] |
117. Name: Astana | Trains: [] |
118. Name: Oskemen | Trains: [] |
119. Name: Almaty | Trains: [] |
120. Name: Astana | Trains: [] |
121. Name: Oskemen | Trains: [] |
122. Name: Almaty | Trains: [] |
123. Name: Astana | Trains: [] |
124. Name: Oskemen | Trains: [] |
125. Name: Almaty | Trains: [] |
126. Name: Astana | Trains: [] |
127. Name: Oskemen | Trains: [] |
128. Name: Almaty | Trains: [] |
129. Name: Astana | Trains: [] |
130. Name: Oskemen | Trains: [] |
131. Name: Almaty | Trains: [] |
132. Name: Astana | Trains: [] |
133. Name: Oskemen | Trains: [] |
134. Name: Almaty | Trains: [] |
135. Name: Astana | Trains: [] |
136. Name: Oskemen | Trains: [] |
137. Name: Almaty | Trains: [] |
138. Name: Astana | Trains: [] |
139. Name: Oskemen | Trains: [] |
140. Name: Almaty | Trains: [] |
141. Name: Astana | Trains: [] |
142. Name: Oskemen | Trains: [] |
143. Name: Almaty | Trains: [] |
144. Name: Astana | Trains: [] |
145. Name: Oskemen | Trains: [] |
146. Name: Almaty | Trains: [] |
147. Name: Astana | Trains: [] |
148. Name: Oskemen | Trains: [] |
149. Name: Almaty | Trains: [] |
150. Name: Astana | Trains: [] |
151. Name: Oskemen | Trains: [] |
152. Name: Almaty | Trains: [] |
153. Name: Astana | Trains: [] |
154. Name: Oskemen | Trains: [] |
155. Name: Almaty | Trains: [] |
156. Name: Astana | Trains: [] |
157. Name: Oskemen | Trains: [] |
158. Name: Almaty | Trains: [] |
159. Name: Astana | Trains: [] |
160. Name: Oskemen | Trains: [] |
161. Name: Almaty | Trains: [] |
162. Name: Astana | Trains: [] |
163. Name: Oskemen | Trains: [] |
164. Name: Almaty | Trains: [] |
165. Name: Astana | Trains: [] |
166. Name: Oskemen | Trains: [] |
167. Name: Almaty | Trains: [] |
168. Name: Astana | Trains: [] |
169. Name: Oskemen | Trains: [] |
170. Name: Almaty | Trains: [] |
171. Name: Astana | Trains: [] |
172. Name: Oskemen | Trains: [] |
173. Name: Almaty | Trains: [] |
174. Name: Astana | Trains: [] |
175. Name: Oskemen | Trains: [] |
176. Name: Almaty | Trains: [] |
177. Name: Astana | Trains: [] |
178. Name: Oskemen | Trains: [] |
179. Name: Almaty | Trains: [] |
180. Name: Astana | Trains: [] |
181. Name: Oskemen | Trains: [] |
182. Name: Almaty | Trains: [] |
183. Name: Astana | Trains: [] |
184. Name: Oskemen | Trains: [] |
185. Name: Almaty | Trains: [] |
186. Name: Astana | Trains: [] |
187. Name: Oskemen | Trains: [] |
188. Name: Almaty | Trains: [] |
189. Name: Astana | Trains: [] |
190. Name: Oskemen | Trains: [] |
191. Name: Almaty | Trains: [] |
192. Name: Astana | Trains: [] |
193. Name: Oskemen | Trains: [] |
194. Name: Almaty | Trains: [] |
195. Name: Astana | Trains: [] |
196. Name: Oskemen | Trains: [] |
197. Name: Almaty | Trains: [] |
198. Name: Astana | Trains: [] |
199. Name: Oskemen | Trains: [] |
200. Name: Almaty | Trains: [] |
201. Name: Astana | Trains: [] |
202. Name: Oskemen | Trains: [] |
203. Name: Almaty | Trains: [] |
204. Name: Astana | Trains: [] |
205. Name: Oskemen | Trains: [] |
206. Name: Almaty | Trains: [] |
207. Name: Astana | Trains: [] |
208. Name: Oskemen | Trains: [] |
209. Name: Almaty | Trains: [] |
210. Name: Astana | Trains: [] |
211. Name: Oskemen | Trains: [] |
212. Name: Almaty | Trains: [] |
213. Name: Astana | Trains: [] |
214. Name: Oskemen | Trains: [] |
215. Name: Almaty | Trains: [] |
216. Name: Astana | Trains: [] |
217. Name: Oskemen | Trains: [] |
218. Name: Almaty | Trains: [] |
219. Name: Astana | Trains: [] |
220. Name: Oskemen | Trains: [] |
221. Name: Almaty | Trains: [] |
222. Name: Astana | Trains: [] |
223. Name: Oskemen | Trains: [] |
224. Name: Almaty | Trains: [] |
225. Name: Astana | Trains: [] |
226. Name: Oskemen | Trains: [] |
227. Name: Almaty | Trains: [] |
228. Name: Astana | Trains: [] |
229. Name: Oskemen | Trains: [] |
230. Name: Almaty | Trains: [] |
231. Name: Astana | Trains: [] |
232. Name: Oskemen | Trains: [] |
233. Name: Almaty | Trains: [] |
234. Name: Astana | Trains: [] |
235. Name: Oskemen | Trains: [] |
236. Name: Almaty | Trains: [] |
237. Name: Astana | Trains: [] |
238. Name: Oskemen | Trains: [] |
239. Name: Almaty | Trains: [] |
240. Name: Astana | Trains: [] |
241. Name: Oskemen | Trains: [] |
242. Name: Almaty | Trains: [] |
243. Name: Astana | Trains: [] |
244. Name: Oskemen | Trains: [] |
245. Name: Almaty | Trains: [] |
246. Name: Astana | Trains: [] |
247. Name: Oskemen | Trains: [] |
248. Name: Almaty | Trains: [] |
249. Name: Astana | Trains: [] |
250. Name: Oskemen | Trains: [] |
251. Name: Almaty | Trains: [] |
252. Name: Astana | Trains: [] |
253. Name: Oskemen | Trains: [] |
254. Name: Almaty | Trains: [] |
255. Name: Astana | Trains: [] |
256. Name: Oskemen | Trains: [] |
257. Name: Almaty | Trains: [] |
258. Name: Astana | Trains: [] |
259. Name: Oskemen | Trains: [] |
260. Name: Almaty | Trains: [] |
261. Name: Astana | Trains: [] |
262. Name: Oskemen | Trains: [] |
263. Name: Almaty | Trains: [] |
264. Name: Astana | Trains: [] |
265. Name: Oskemen | Trains: [] |
266. Name: Almaty | Trains: [] |
267. Name: Astana | Trains: [] |
268. Name: Oskemen | Trains: [] |
269. Name: Almaty | Trains: [] |
270. Name: Astana | Trains: [] |
271. Name: Oskemen | Trains: [] |
272. Name: Almaty | Trains: [] |
273. Name: Astana | Trains: [] |
274. Name: Oskemen | Trains: [] |
275. Name: Almaty | Trains: [] |
276. Name: Astana | Trains: [] |
277. Name: Oskemen | Trains: [] |
278. Name: Almaty | Trains: [] |
279. Name: Astana | Trains: [] |
280. Name: Oskemen | Trains: [] |
281. Name: Almaty | Trains: [] |
282. Name: Astana | Trains: [] |
283. Name: Oskemen | Trains: [] |
284. Name: Almaty | Trains: [] |
285. Name: Astana | Trains: [] |
286. Name: Oskemen | Trains: [] |
287. Name: Almaty | Trains: [] |
288. Name: Astana | Trains: [] |
289. Name: Oskemen | Trains: [] |
290. Name: Almaty | Trains: [] |
291. Name: Astana | Trains: [] |
292. Name: Oskemen | Trains: [] |
293. Name: Almaty | Trains: [] |
294. Name: Astana | Trains: [] |
295. Name: Oskemen | Trains: [] |
296. Name: Almaty | Trains: [] |
297. Name: Astana | Trains: [] |
298. Name: Oskemen | Trains: [] |
299. Name: Almaty | Trains: [] |
300. Name: Astana | Trains: [] |
301. Name: Oskemen | Trains: [] |
302. Name: Almaty | Trains: [] |
303. Name: Astana | Trains: [] |
304. Name: Oskemen | Trains: [] |
305. Name: Almaty | Trains: [] |
306. Name: Astana | Trains: [] |
307. Name: Oskemen | Trains: [] |
308. Name: Almaty | Trains: [] |
309. Name: Astana | Trains: [] |
310. Name: Oskemen | Trains: [] |
311. Name: Almaty | Trains: [] |
312. Name: Astana | Trains: [] |
313. Name: Oskemen | Trains: [] |
314. Name: Almaty | Trains: [] |
315. Name: Astana | Trains: [] |
316. Name: Oskemen | Trains: [] |
317. Name: Almaty | Trains: [] |
318. Name: Astana | Trains: [] |
319. Name: Oskemen | Trains: [] |
320. Name: Almaty | Trains: [] |
321. Name: Astana | Trains: [] |
322. Name: Oskemen | Trains: [] |
323. Name: Almaty | Trains: [] |
324. Name: Astana | Trains: [] |
325. Name: Oskemen | Trains: [] |
326. Name: Almaty | Trains: [] |
327. Name: Astana | Trains: [] |
328. Name: Oskemen | Trains: [] |
329. Name: Almaty | Trains: [] |
330. Name: Astana | Trains: [] |
331. Name: Oskemen | Trains: [] |
332. Name: Almaty | Trains: [] |
333. Name: Astana | Trains: [] |
334. Name: Oskemen | Trains: [] |
335. Name: Almaty | Trains: [] |
336. Name: Astana | Trains: [] |
337. Name: Oskemen | Trains: [] |
338. Name: Almaty | Trains: [] |
339. Name: Astana | Trains: [] |
340. Name: Oskemen | Trains: [] |
341. Name: Almaty | Trains: [] |
342. Name: Astana | Trains: [] |
343. Name: Oskemen | Trains: [] |
344. Name: Almaty | Trains: [] |
345. Name: Astana | Trains: [] |
346. Name: Oskemen | Trains: [] |
347. Name: Almaty | Trains: [] |
348. Name: Astana | Trains: [] |
349. Name: Oskemen | Trains: [] |
350. Name: Almaty | Trains: [] |
351. Name: Astana | Trains: [] |
352. Name: Oskemen | Trains: [] |
353. Name: Almaty | Trains: [] |
354. Name: Astana | Trains: [] |
355. Name: Oskemen | Trains: [] |
356. Name: Almaty | Trains: [] |
357. Name: Astana | Trains: [] |
358. Name: Oskemen | Trains: [] |
359. Name: Almaty | Trains: [] |
360. Name: Astana | Trains: [] |
361. Name: Oskemen | Trains: [] |
362. Name: Almaty | Trains: [] |
363. Name: Astana | Trains: [] |
364. Name: Oskemen | Trains: [] |
365. Name: Almaty | Trains: [] |
366. Name: Astana | Trains: [] |
367. Name: Oskemen | Trains: [] |
368. Name: Almaty | Trains: [] |
369. Name: Astana | Trains: [] |
370. Name: Oskemen | Trains: [] |
371. Name: Almaty | Trains: [] |
372. Name: Astana | Trains: [] |
373. Name: Oskemen | Trains: [] |
374. Name: Almaty | Trains: [] |
375. Name: Astana | Trains: [] |
376. Name: Oskemen | Trains: [] |
377. Name: Almaty | Trains: [] |
378. Name: Astana | Trains: [] |
379. Name: Oskemen | Trains: [] |
380. Name: Almaty | Trains: [] |
381. Name: Astana | Trains: [] |
382. Name: Oskemen | Trains: [] |
383. Name: Almaty | Trains: [] |
384. Name: Astana | Trains: [] |
385. Name: Oskemen | Trains: [] |
386. Name: Almaty | Trains: [] |
387. Name: Astana | Trains: [] |
388. Name: Oskemen | Trains: [] |
389. Name: Almaty | Trains: [] |
390. Name: Astana | Trains: [] |
391. Name: Oskemen | Trains: [] |
392. Name: Almaty | Trains: [] |
393. Name: Astana | Trains: [] |
394. Name: Oskemen | Trains: [] |
395. Name: Almaty | Trains: [] |
396. Name: Astana | Trains: [] |
397. Name: Oskemen | Trains: [] |
398. Name: Almaty | Trains: [] |
399. Name: Astana | Trains: [] |
400. Name: Oskemen | Trains: [] |
401. Name: Almaty | Trains: [] |
402. Name: Astana | Trains: [] |
403. Name: Oskemen | Trains: [] |
404. Name: Almaty | Trains: [] |
405. Name: Astana | Trains: [] |
406. Name: Oskemen | Trains: [] |
407. Name: Almaty | Trains: [] |
408. Name: Astana | Trains: [] |
409. Name: Oskemen | Trains: [] |
410. Name: Almaty | Trains: [] |
411. Name: Astana | Trains: [] |
412. Name: Oskemen | Trains: [] |
413. Name: Almaty | Trains: [] |
414. Name: Astana | Trains: [] |
415. Name: Oskemen | Trains: [] |
416. Name: Almaty | Trains: [] |
417. Name: Astana | Trains: [] |
418. Name: Oskemen | Trains: [] |
419. Name: Almaty | Trains: [] |
420. Name: Astana | Trains: [] |
421. Name: Oskemen | Trains: [] |
422. Name: Almaty | Trains: [] |
423. Name: Astana | Trains: [] |
424. Name: Oskemen | Trains: [] |
425. Name: Almaty | Trains: [] |
426. Name: Astana | Trains: [] |
427. Name: Oskemen | Trains: [] |
428. Name: Almaty | Trains: [] |
429. Name: Astana | Trains: [] |
430. Name: Oskemen | Trains: [] |
431. Name: Almaty | Trains: [] |
432. Name: Astana | Trains: [] |
433. Name: Oskemen | Trains: [] |
434. Name: Almaty | Trains: [] |
435. Name: Astana | Trains: [] |
436. Name: Oskemen | Trains: [] |
437. Name: Almaty | Trains: [] |
438. Name: Astana | Trains: [] |
439. Name: Oskemen | Trains: [] |
440. Name: Almaty | Trains: [] |
441. Name: Astana | Trains: [] |
442. Name: Oskemen | Trains: [] |
443. Name: Almaty | Trains: [] |
444. Name: Astana | Trains: [] |
445. Name: Oskemen | Trains: [] |
446. Name: Almaty | Trains: [] |
447. Name: Astana | Trains: [] |
448. Name: Oskemen | Trains: [] |
449. Name: Almaty | Trains: [] |
450. Name: Astana | Trains: [] |
451. Name: Oskemen | Trains: [] |
452. Name: Almaty | Trains: [] |
453. Name: Astana | Trains: [] |
454. Name: Oskemen | Trains: [] |
455. Name: Almaty | Trains: [] |
456. Name: Astana | Trains: [] |
457. Name: Oskemen | Trains: [] |
458. Name: Almaty | Trains: [] |
459. Name: Astana | Trains: [] |
460. Name: Oskemen | Trains: [] |
461. Name: Almaty | Trains: [] |
462. Name: Astana | Trains: [] |
463. Name: Oskemen | Trains: [] |
464. Name: Almaty | Trains: [] |
465. Name: Astana | Trains: [] |
466. Name: Oskemen | Trains: [] |
467. Name: Almaty | Trains: [] |
468. Name: Astana | Trains: [] |
469. Name: Oskemen | Trains: [] |
470. Name: Almaty | Trains: [] |
471. Name: Astana | Trains: [] |
472. Name: Oskemen | Trains: [] |
473. Name: Almaty | Trains: [] |
474. Name: Astana | Trains: [] |
475. Name: Oskemen | Trains: [] |
476. Name: Almaty | Trains: [] |
477. Name: Astana | Trains: [] |
478. Name: Oskemen | Trains: [] |
479. Name: Almaty | Trains: [] |
480. Name: Astana | Trains: [] |
481. Name: Oskemen | Trains: [] |
482. Name: Almaty | Trains: [] |
483. Name: Astana | Trains: [] |
484. Name: Oskemen | Trains: [] |
485. Name: Almaty | Trains: [] |
486. Name: Astana | Trains: [] |
487. Name: Oskemen | Trains: [] |
488. Name: Almaty | Trains: [] |
489. Name: Astana | Trains: [] |
490. Name: Oskemen | Trains: [] |
491. Name: Almaty | Trains: [] |
492. Name: Astana | Trains: [] |
493. Name: Oskemen | Trains: [] |
494. Name: Almaty | Trains: [] |
495. Name: Astana | Trains: [] |
496. Name: Oskemen | Trains: [] |
497. Name: Almaty | Trains: [] |
498. Name: Astana | Trains: [] |
499. Name: Oskemen | Trains: [] |
500. Name: Almaty | Trains: [] |
501. Name: Astana | Trains: [] |
502. Name: Oskemen | Trains: [] |
503. Name: Almaty | Trains: [] |
504. Name: Astana | Trains: [] |
505. Name: Oskemen | Trains: [] |
506. Name: Almaty | Trains: [] |
507. Name: Astana | Trains: [] |
508. Name: Oskemen | Trains: [] |
509. Name: Almaty | Trains: [] |
510. Name: Astana | Trains: [] |
511. Name: Oskemen | Trains: [] |
512. Name: Almaty | Trains: [] |
513. Name: Astana | Trains: [] |
514. Name: Oskemen | Trains: [] |
515. Name: Almaty | Trains: [] |
516. Name: Astana | Trains: [] |
517. Name: Oskemen | Trains: [] |
518. Name: Almaty | Trains: [] |
519. Name: Astana | Trains: [] |
520. Name: Oskemen | Trains: [] |
521. Name: Almaty | Trains: [] |
522. Name: Astana | Trains: [] |
523. Name: Oskemen | Trains: [] |
524. Name: Almaty | Trains: [] |
525. Name: Astana | Trains: [] |
526. Name: Oskemen | Trains: [] |
527. Name: Almaty | Trains: [] |
528. Name: Astana | Trains: [] |
529. Name: Oskemen | Trains: [] |
530. Name: Almaty | Trains: [] |
531. Name: Astana | Trains: [] |
532. Name: Oskemen | Trains: [] |
533. Name: Almaty | Trains: [] |
534. Name: Astana | Trains: [] |
535. Name: Oskemen | Trains: [] |
536. Name: Almaty | Trains: [] |
537. Name: Astana | Trains: [] |
538. Name: Oskemen | Trains: [] |
539. Name: Almaty | Trains: [] |
540. Name: Astana | Trains: [] |
541. Name: Oskemen | Trains: [] |
542. Name: Almaty | Trains: [] |
543. Name: Astana | Trains: [] |
544. Name: Oskemen | Trains: [] |
545. Name: Almaty | Trains: [] |
546. Name: Astana | Trains: [] |
547. Name: Oskemen | Trains: [] |
548. Name: Almaty | Trains: [] |
549. Name: Astana | Trains: [] |
550. Name: Oskemen | Trains: [] |
551. Name: Almaty | Trains: [] |
552. Name: Astana | Trains: [] |
553. Name: Oskemen | Trains: [] |
554. Name: Almaty | Trains: [] |
555. Name: Astana | Trains: [] |
556. Name: Oskemen | Trains: [] |
557. Name: Almaty | Trains: [] |
558. Name: Astana | Trains: [] |
559. Name: Oskemen | Trains: [] |
560. Name: Almaty | Trains: [] |
561. Name: Astana | Trains: [] |
562. Name: Oskemen | Trains: [] |
563. Name: Almaty | Trains: [] |
564. Name: Astana | Trains: [] |
565. Name: Oskemen | Trains: [] |
566. Name: Almaty | Trains: [] |
567. Name: Astana | Trains: [] |
568. Name: Oskemen | Trains: [] |
569. Name: Almaty | Trains: [] |
570. Name: Astana | Trains: [] |
571. Name: Oskemen | Trains: [] |
572. Name: Almaty | Trains: [] |
573. Name: Astana | Trains: [] |
574. Name: Oskemen | Trains: [] |
575. Name: Almaty | Trains: [] |
576. Name: Astana | Trains: [] |
577. Name: Oskemen | Trains: [] |
578. Name: Almaty | Trains: [] |
579. Name: Astana | Trains: [] |
580. Name: Oskemen | Trains: [] |
581. Name: Almaty | Trains: [] |
582. Name: Astana | Trains: [] |
583. Name: Oskemen | Trains: [] |
584. Name: Almaty | Trains: [] |
585. Name: Astana | Trains: [] |
586. Name: Oskemen | Trains: [] |
587. Name: Almaty | Trains: [] |
588. Name: Astana | Trains: [] |
589. Name: Oskemen | Trains: [] |
590. Name: Almaty | Trains: [] |
591. Name: Astana | Trains: [] |
592. Name: Oskemen | Trains: [] |
593. Name: Almaty | Trains: [] |
594. Name: Astana | Trains: [] |
595. Name: Oskemen | Trains: [] |
596. Name: Almaty | Trains: [] |
597. Name: Astana | Trains: [] |
598. Name: Oskemen | Trains: [] |
599. Name: Almaty | Trains: [] |
600. Name: Astana | Trains: [] |
601. Name: Oskemen | Trains: [] |
602. Name: Almaty | Trains: [] |
603. Name: Astana | Trains: [] |
604. Name: Oskemen | Trains: [] |
605. Name: Almaty | Trains: [] |
606. Name: Astana | Trains: [] |
607. Name: Oskemen | Trains: [] |
608. Name: Almaty | Trains: [] |
609. Name: Astana | Trains: [] |
610. Name: Oskemen | Trains: [] |
611. Name: Almaty | Trains: [] |
612. Name: Astana | Trains: [] |
613. Name: Oskemen | Trains: [] |
614. Name: Almaty | Trains: [] |
615. Name: Astana | Trains: [] |
616. Name: Oskemen | Trains: [] |
617. Name: Almaty | Trains: [] |
618. Name: Astana | Trains: [] |
619. Name: Oskemen | Trains: [] |
620. Name: Almaty | Trains: [] |
621. Name: Astana | Trains: [] |
622. Name: Oskemen | Trains: [] |
623. Name: Almaty | Trains: [] |
624. Name: Astana | Trains: [] |
625. Name: Oskemen | Trains: [] |
626. Name: Almaty | Trains: [] |
627. Name: Astana | Trains: [] |
628. Name: Oskemen | Trains: [] |
629. Name: Almaty | Trains: [] |
630. Name: Astana | Trains: [] |
631. Name: Oskemen | Trains: [] |
632. Name: Almaty | Trains: [] |
633. Name: Astana | Trains: [] |
634. Name: Oskemen | Trains: [] |
635. Name: Almaty | Trains: [] |
636. Name: Astana | Trains: [] |
637. Name: Oskemen | Trains: [] |
638. Name: Almaty | Trains: [] |
639. Name: Astana | Trains: [] |
640. Name: Oskemen | Trains: [] |
641. Name: Almaty | Trains: [] |
642. Name: Astana | Trains: [] |
643. Name: Oskemen | Trains: [] |
644. Name: Almaty | Trains: [] |
645. Name: Astana | Trains: [] |
646. Name: Oskemen | Trains: [] |
647. Name: Almaty | Trains: [] |
648. Name: Astana | Trains: [] |
649. Name: Oskemen | Trains: [] |
650. Name: Almaty | Trains: [] |
651. Name: Astana | Trains: [] |
652. Name: Oskemen | Trains: [] |
653. Name: Almaty | Trains: [] |
654. Name: Astana | Trains: [] |
655. Name: Oskemen | Trains: [] |
656. Name: Almaty | Trains: [] |
657. Name: Astana | Trains: [] |
658. Name: Oskemen | Trains: [] |
659. Name: Almaty | Trains: [] |
660. Name: Astana | Trains: [] |
661. Name: Oskemen | Trains: [] |
662. Name: Almaty | Trains: [] |
663. Name: Astana | Trains: [] |
664. Name: Oskemen | Trains: [] |
665. Name: Almaty | Trains: [] |
666. Name: Astana | Trains: [] |
667. Name: Oskemen | Trains: [] |
668. Name: Almaty | Trains: [] |
669. Name: Astana | Trains: [] |
670. Name: Oskemen | Trains: [] |
671. Name: Almaty | Trains: [] |
672. Name: Astana | Trains: [] |
673. Name: Oskemen | Trains: [] |
674. Name: Almaty | Trains: [] |
675. Name: Astana | Trains: [] |
676. Name: Oskemen | Trains: [] |
677. Name: Almaty | Trains: [] |
678. Name: Astana | Trains: [] |
679. Name: Oskemen | Trains: [] |
680. Name: Almaty | Trains: [] |
681. Name: Astana | Trains: [] |
682. Name: Oskemen | Trains: [] |
683. Name: Almaty | Trains: [] |
684. Name: Astana | Trains: [] |
685. Name: Oskemen | Trains: [] |
686. Name: Almaty | Trains: [] |
687. Name: Astana | Trains: [] |
688. Name: Oskemen | Trains: [] |
689. Name: Almaty | Trains: [] |
690. Name: Astana | Trains: [] |
691. Name: Oskemen | Trains: [] |
692. Name: Almaty | Trains: [] |
693. Name: Astana | Trains: [] |
694. Name: Oskemen | Trains: [] |
695. Name: Almaty | Trains: [] |
696. Name: Astana | Trains: [] |
697. Name: Oskemen | Trains: [] |
698. Name: Almaty | Trains: [] |
699. Name: Astana | Trains: [] |
700. Name: Oskemen | Trains: [] |
701. Name: Almaty | Trains: [] |
702. Name: Astana | Trains: [] |
703. Name: Oskemen | Trains: [] |
704. Name: Almaty | Trains: [] |
705. Name: Astana | Trains: [] |
706. Name: Oskemen | Trains: [] |
707. Name: Almaty | Trains: [] |
708. Name: Astana | Trains: [] |
709. Name: Oskemen | Trains: [] |
710. Name: Almaty | Trains: [] |
711. Name: Astana | Trains: [] |
712. Name: Oskemen | Trains: [] |
713. Name: Almaty | Trains: [] |
714. Name: Astana | Trains: [] |
715. Name: Oskemen | Trains: [] |
716. Name: Almaty | Trains: [] |
717. Name: Astana | Trains: [] |
718. Name: Oskemen | Trains: [] |
719. Name: Almaty | Trains: [] |
720. Name: Astana | Trains: [] |
721. Name: Oskemen | Trains: [] |
722. Name: Almaty | Trains: [] |
723. Name: Astana | Trains: [] |
724. Name: Oskemen | Trains: [] |
725. Name: Almaty | Trains: [] |
726. Name: Astana | Trains: [] |
727. Name: Oskemen | Trains: [] |
728. Name: Almaty | Trains: [] |
729. Name: Astana | Trains: [] |
730. Name: Oskemen | Trains: [] |
731. Name: Almaty | Trains: [] |
732. Name: Astana | Trains: [] |
733. Name: Oskemen | Trains: [] |
734. Name: Almaty | Trains: [] |
735. Name: Astana | Trains: [] |
736. Name: Oskemen | Trains: [] |
737. Name: Almaty | Trains: [] |
738. Name: Astana | Trains: [] |
739. Name: Oskemen | Trains: [] |
740. Name: Almaty | Trains: [] |
741. Name: Astana | Trains: [] |
742. Name: Oskemen | Trains: [] |
743. Name: Almaty | Trains: [] |
744. Name: Astana | Trains: [] |
745. Name: Oskemen | Trains: [] |
746. Name: Almaty | Trains: [] |
747. Name: Astana | Trains: [] |
748. Name: Oskemen | Trains: [] |
749. Name: Almaty | Trains: [] |
750. Name: Astana | Trains: [] |
751. Name: Oskemen | Trains: [] |
752. Name: Almaty | Trains: [] |
753. Name: Astana | Trains: [] |
754. Name: Oskemen | Trains: [] |
755. Name: Almaty | Trains: [] |
756. Name: Astana | Trains: [] |
757. Name: Oskemen | Trains: [] |
758. Name: Almaty | Trains: [] |
759. Name: Astana | Trains: [] |
760. Name: Oskemen | Trains: [] |
761. Name: Almaty | Trains: [] |
762. Name: Astana | Trains: [] |
763. Name: Oskemen | Trains: [] |
764. Name: Almaty | Trains: [] |
765. Name: Astana | Trains: [] |
766. Name: Oskemen | Trains: [] |
767. Name: Almaty | Trains: [] |
768. Name: Astana | Trains: [] |
769. Name: Oskemen | Trains: [] |
770. Name: Almaty | Trains: [] |
771. Name: Astana | Trains: [] |
772. Name: Oskemen | Trains: [] |
773. Name: Almaty | Trains: [] |
774. Name: Astana | Trains: [] |
775. Name: Oskemen | Trains: [] |
776. Name: Almaty | Trains: [] |
777. Name: Astana | Trains: [] |
778. Name: Oskemen | Trains: [] |
779. Name: Almaty | Trains: [] |
780. Name: Astana | Trains: [] |
781. Name: Oskemen | Trains: [] |
782. Name: Almaty | Trains: [] |
783. Name: Astana | Trains: [] |
784. Name: Oskemen | Trains: [] |
785. Name: Almaty | Trains: [] |
786. Name: Astana | Trains: [] |
787. Name: Oskemen | Trains: [] |
788. Name: Almaty | Trains: [] |
789. Name: Astana | Trains: [] |
790. Name: Oskemen | Trains: [] |
791. Name: Almaty | Trains: [] |
792. Name: Astana | Trains: [] |
793. Name: Oskemen | Trains: [] |
794. Name: Almaty | Trains: [] |
795. Name: Astana | Trains: [] |
796. Name: Oskemen | Trains: [] |
797. Name: Almaty | Trains: [] |
798. Name: Astana | Trains: [] |
799. Name: Oskemen | Trains: [] |
800. Name: Almaty | Trains: [] |
801. Name: Astana | Trains: [] |
802. Name: Oskemen | Trains: [] |
803. Name: Almaty | Trains: [] |
804. Name: Astana | Trains: [] |
805. Name: Oskemen | Trains: [] |
806. Name: Almaty | Trains: [] |
807. Name: Astana | Trains: [] |
808. Name: Oskemen | Trains: [] |
809. Name: Almaty | Trains: [] |
810. Name: Astana | Trains: [] |
811. Name: Oskemen | Trains: [] |
812. Name: Almaty | Trains: [] |
813. Name: Astana | Trains: [] |
814. Name: Oskemen | Trains: [] |
815. Name: Almaty | Trains: [] |
816. Name: Astana | Trains: [] |
817. Name: Oskemen | Trains: [] |
818. Name: Almaty | Trains: [] |
819. Name: Astana | Trains: [] |
820. Name: Oskemen | Trains: [] |
821. Name: Almaty | Trains: [] |
822. Name: Astana | Trains: [] |
823. Name: Oskemen | Trains: [] |
824. Name: Almaty | Trains: [] |
825. Name: Astana | Trains: [] |
826. Name: Oskemen | Trains: [] |
827. Name: Almaty | Trains: [] |
828. Name: Astana | Trains: [] |
829. Name: Oskemen | Trains: [] |
830. Name: Almaty | Trains: [] |
831. Name: Astana | Trains: [] |
832. Name: Oskemen | Trains: [] |
833. Name: Almaty | Trains: [] |
834. Name: Astana | Trains: [] |
835. Name: Oskemen | Trains: [] |
836. Name: Almaty | Trains: [] |
837. Name: Astana | Trains: [] |
838. Name: Oskemen | Trains: [] |
839. Name: Almaty | Trains: [] |
840. Name: Astana | Trains: [] |
841. Name: Oskemen | Trains: [] |
842. Name: Almaty | Trains: [] |
843. Name: Astana | Trains: [] |
844. Name: Oskemen | Trains: [] |
845. Name: Almaty | Trains: [] |
846. Name: Astana | Trains: [] |
847. Name: Oskemen | Trains: [] |
848. Name: Almaty | Trains: [] |
849. Name: Astana | Trains: [] |
850. Name: Oskemen | Trains: [] |
851. Name: Almaty | Trains: [] |
852. Name: Astana | Trains: [] |
853. Name: Oskemen | Trains: [] |
854. Name: Almaty | Trains: [] |
855. Name: Astana | Trains: [] |
856. Name: Oskemen | Trains: [] |
857. Name: Almaty | Trains: [] |
858. Name: Astana | Trains: [] |
859. Name: Oskemen | Trains: [] |
860. Name: Almaty | Trains: [] |
861. Name: Astana | Trains: [] |
862. Name: Oskemen | Trains: [] |
863. Name: Almaty | Trains: [] |
864. Name: Astana | Trains: [] |
865. Name: Oskemen | Trains: [] |
866. Name: Almaty | Trains: [] |
867. Name: Astana | Trains: [] |
868. Name: Oskemen | Trains: [] |
869. Name: Almaty | Trains: [] |
870. Name: Astana | Trains: [] |
871. Name: Oskemen | Trains: [] |
872. Name: Almaty | Trains: [] |
873. Name: Astana | Trains: [] |
874. Name: Oskemen | Trains: [] |
875. Name: Almaty | Trains: [] |
876. Name: Astana | Trains: [] |
877. Name: Oskemen | Trains: [] |
878. Name: Almaty | Trains: [] |
879. Name: Astana | Trains: [] |
880. Name: Oskemen | Trains: [] |
881. Name: Almaty | Trains: [] |
882. Name: Astana | Trains: [] |
883. Name: Oskemen | Trains: [] |
884. Name: Almaty | Trains: [] |
885. Name: Astana | Trains: [] |
886. Name: Oskemen | Trains: [] |
887. Name: Almaty | Trains: [] |
888. Name: Astana | Trains: [] |
889. Name: Oskemen | Trains: [] |
890. Name: Almaty | Trains: [] |
891. Name: Astana | Trains: [] |
892. Name: Oskemen | Trains: [] |
893. Name: Almaty | Trains: [] |
894. Name: Astana | Trains: [] |
895. Name: Oskemen | Trains: [] |
896. Name: Almaty | Trains: [] |
897. Name: Astana | Trains: [] |
898. Name: Oskemen | Trains: [] |
899. Name: Almaty | Trains: [] |
900. Name: Astana | Trains: [] |
901. Name: Oskemen | Trains: [] |
902. Name: Almaty | Trains: [] |
903. Name: Astana | Trains: [] |
904. Name: Oskemen | Trains: [] |
905. Name: Almaty | Trains: [] |
906. Name: Astana | Trains: [] |
907. Name: Oskemen | Trains: [] |
908. Name: Almaty | Trains: [] |
909. Name: Astana | Trains: [] |
910. Name: Oskemen | Trains: [] |
911. Name: Almaty | Trains: [] |
912. Name: Astana | Trains: [] |
913. Name: Oskemen | Trains: [] |
914. Name: Almaty | Trains: [] |
915. Name: Astana | Trains: [] |
916. Name: Oskemen | Trains: [] |
917. Name: Almaty | Trains: [] |
918. Name: Astana | Trains: [] |
919. Name: Oskemen | Trains: [] |
920. Name: Almaty | Trains: [] |
921. Name: Astana | Trains: [] |
922. Name: Oskemen | Trains: [] |
923. Name: Almaty | Trains: [] |
924. Name: Astana | Trains: [] |
925. Name: Oskemen | Trains: [] |
926. Name: Almaty | Trains: [] |
927. Name: Astana | Trains: [] |
928. Name: Oskemen | Trains: [] |
929. Name: Almaty | Trains: [] |
930. Name: Astana | Trains: [] |
931. Name: Oskemen | Trains: [] |
932. Name: Almaty | Trains: [] |
933. Name: Astana | Trains: [] |
934. Name: Oskemen | Trains: [] |
935. Name: Almaty | Trains: [] |
936. Name: Astana | Trains: [] |
937. Name: Oskemen | Trains: [] |
938. Name: Almaty | Trains: [] |
939. Name: Astana | Trains: [] |
940. Name: Oskemen | Trains: [] |
941. Name: Almaty | Trains: [] |
942. Name: Astana | Trains: [] |
943. Name: Oskemen | Trains: [] |
944. Name: Almaty | Trains: [] |
945. Name: Astana | Trains: [] |
946. Name: Oskemen | Trains: [] |
947. Name: Almaty | Trains: [] |
948. Name: Astana | Trains: [] |
949. Name: Oskemen | Trains: [] |
950. Name: Almaty | Trains: [] |
951. Name: Astana | Trains: [] |
952. Name: Oskemen | Trains: [] |
953. Name: Almaty | Trains: [] |
954. Name: Astana | Trains: [] |
955. Name: Oskemen | Trains: [] |
956. Name: Almaty | Trains: [] |
957. Name: Astana | Trains: [] |
958. Name: Oskemen | Trains: [] |
959. Name: Almaty | Trains: [] |
960. Name: Astana | Trains: [] |
961. Name: Oskemen | Trains: [] |
962. Name: Almaty | Trains: [] |
963. Name: Astana | Trains: [] |
964. Name: Oskemen | Trains: [] |
965. Name: Almaty | Trains: [] |
966. Name: Astana | Trains: [] |
967. Name: Oskemen | Trains: [] |
968. Name: Almaty | Trains: [] |
969. Name: Astana | Trains: [] |
970. Name: Oskemen | Trains: [] |
971. Name: Almaty | Trains: [] |
972. Name: Astana | Trains: [] |
973. Name: Oskemen | Trains: [] |
974. Name: Almaty | Trains: [] |
975. Name: Astana | Trains: [] |
976. Name: Oskemen | Trains: [] |
977. Name: Almaty | Trains: [] |
978. Name: Astana | Trains: [] |
979. Name: Oskemen | Trains: [] |
980. Name: Almaty | Trains: [] |
981. Name: Astana | Trains: [] |
982. Name: Oskemen | Trains: [] |
983. Name: Almaty | Trains: [] |
984. Name: Astana | Trains: [] |
985. Name: Oskemen | Trains: [] |
986. Name: Almaty | Trains: [] |
987. Name: Astana | Trains: [] |
988. Name: Oskemen | Trains: [] |
989. Name: Almaty | Trains: [] |
990. Name: Astana | Trains: [] |
991. Name: Oskemen | Trains: [] |
992. Name: Almaty | Trains: [] |
993. Name: Astana | Trains: [] |
994. Name: Oskemen | Trains: [] |
995. Name: Almaty | Trains: [] |
996. Name: Astana | Trains: [] |
997. Name: Oskemen | Trains: [] |
998. Name: Almaty | Trains: [] |
999. Name: Astana | Trains: [] |
1000. Name: Oskemen | Trains: [] |
1001. Name: Almaty | Trains: [] |
1002. Name: Astana | Trains: [] |
1003. Name: Oskemen | Trains: [] |
1004. Name: Almaty | Trains: [] |
1005. Name: Astana | Trains: [] |
1006. Name: Oskemen | Trains: [] |
1007. Name: Almaty | Trains: [] |
1008. Name: Astana | Trains: [] |
1009. Name: Oskemen | Trains: [] |
1010. Name: Almaty | Trains: [] |
1011. Name: Astana | Trains: [] |
1012. Name: Oskemen | Trains: [] |
1013. Name: Almaty | Trains: [] |
1014. Name: Astana | Trains: [] |
1015. Name: Oskemen | Trains: [] |
1016. Name: Almaty | Trains: [] |
1017. Name: Astana | Trains: [] |
1018. Name: Oskemen | Trains: [] |
1019. Name: Almaty | Trains: [] |
1020. Name: Astana | Trains: [] |
1021. Name: Oskemen | Trains: [] |
1022. Name: Almaty | Trains: [] |
1023. Name: Astana | Trains: [] |
1024. Name: Oskemen | Trains: [] |
1025. Name: Almaty | Trains: [] |
1026. Name: Astana | Trains: [] |
1027. Name: Oskemen | Trains: [] |
1028. Name: Almaty | Trains: [] |
1029. Name: Astana | Trains: [] |
1030. Name: Oskemen | Trains: [] |
1031. Name: Almaty | Trains: [] |
1032. Name: Astana | Trains: [] |
1033. Name: Oskemen | Trains: [] |
1034. Name: Almaty | Trains: [] |
1035. Name: Astana | Trains: [] |
1036. Name: Oskemen | Trains: [] |
1037. Name: Almaty | Trains: [] |
1038. Name: Astana | Trains: [] |
1039. Name: Oskemen | Trains: [] |
1040. Name: Almaty | Trains: [] |
1041. Name: Astana | Trains: [] |
1042. Name: Oskemen | Trains: [] |
1043. Name: Almaty | Trains: [] |
1044. Name: Astana | Trains: [] |
1045. Name: Oskemen | Trains: [] |
1046. Name: Almaty | Trains: [] |
1047. Name: Astana | Trains: [] |
1048. Name: Oskemen | Trains: [] |
1049. Name: Almaty | Trains: [] |
1050. Name: Astana | Trains: [] |
1051. Name: Oskemen | Trains: [] |
1052. Name: Almaty | Trains: [] |
1053. Name: Astana | Trains: [] |
1054. Name: Oskemen | Trains: [] |
1055. Name: Almaty | Trains: [] |
1056. Name: Astana | Trains: [] |
1057. Name: Oskemen | Trains: [] |
1058. Name: Almaty | Trains: [] |
1059. Name: Astana | Trains: [] |
1060. Name: Oskemen | Trains: [] |
1061. Name: Almaty | Trains: [] |
1062. Name: Astana | Trains: [] |
1063. Name: Oskemen | Trains: [] |
1064. Name: Almaty | Trains: [] |
1065. Name: Astana | Trains: [] |
1066. Name: Oskemen | Trains: [] |
1067. Name: Almaty | Trains: [] |
1068. Name: Astana | Trains: [] |
1069. Name: Oskemen | Trains: [] |
1070. Name: Almaty | Trains: [] |
1071. Name: Astana | Trains: [] |
1072. Name: Oskemen | Trains: [] |
1073. Name: Almaty | Trains: [] |
1074. Name: Astana | Trains: [] |
1075. Name: Oskemen | Trains: [] |
1076. Name: Almaty | Trains: [] |
1077. Name: Astana | Trains: [] |
1078. Name: Oskemen | Trains: [] |
1079. Name: Almaty | Trains: [] |
1080. Name: Astana | Trains: [] |
1081. Name: Oskemen | Trains: [] |
1082. Name: Almaty | Trains: [] |
1083. Name: Astana | Trains: [] |
1084. Name: Oskemen | Trains: [] |
1085. Name: Almaty | Trains: [] |
1086. Name: Astana | Trains: [] |
1087. Name: Oskemen | Trains: [] |
1088. Name: Almaty | Trains: [] |
1089. Name: Astana | Trains: [] |
1090. Name: Oskemen | Trains: [] |
1091. Name: Almaty | Trains: [] |
1092. Name: Astana | Trains: [] |
1093. Name: Oskemen | Trains: [] |
1094. Name: Almaty | Trains: [] |
1095. Name: Astana | Trains: [] |
1096. Name: Oskemen | Trains: [] |
1097. Name: Almaty | Trains: [] |
1098. Name: Astana | Trains: [] |
1099. Name: Oskemen | Trains: [] |
1100. Name: Almaty | Trains: [] |
1101. Name: Astana | Trains: [] |
1102. Name: Oskemen | Trains: [] |
1103. Name: Almaty | Trains: [] |
1104. Name: Astana | Trains: [] |
1105. Name: Oskemen | Trains: [] |
1106. Name: Almaty | Trains: [] |
1107. Name: Astana | Trains: [] |
1108. Name: Oskemen | Trains: [] |
1109. Name: Almaty | Trains: [] |
1110. Name: Astana | Trains: [] |
1111. Name: Oskemen | Trains: [] |
1112. Name: Almaty | Trains: [] |
1113. Name: Astana | Trains: [] |
1114. Name: Oskemen | Trains: [] |
1115. Name: Almaty | Trains: [] |
1116. Name: Astana | Trains: [] |
1117. Name: Oskemen | Trains: [] |
1118. Name: Almaty | Trains: [] |
1119. Name: Astana | Trains: [] |
1120. Name: Oskemen | Trains: [] |
1121. Name: Almaty | Trains: [] |
1122. Name: Astana | Trains: [] |
1123. Name: Oskemen | Trains: [] |
1124. Name: Almaty | Trains: [] |
1125. Name: Astana | Trains: [] |
1126. Name: Oskemen | Trains: [] |
1127. Name: Almaty | Trains: [] |
1128. Name: Astana | Trains: [] |
1129. Name: Oskemen | Trains: [] |
1130. Name: Almaty | Trains: [] |
1131. Name: Astana | Trains: [] |
1132. Name: Oskemen | Trains: [] |
1133. Name: Almaty | Trains: [] |
1134. Name: Astana | Trains: [] |
1135. Name: Oskemen | Trains: [] |
1136. Name: Almaty | Trains: [] |
1137. Name: Astana | Trains: [] |
1138. Name: Oskemen | Trains: [] |
1139. Name: Almaty | Trains: [] |
1140. Name: Astana | Trains: [] |
1141. Name: Oskemen | Trains: [] |
1142. Name: Almaty | Trains: [] |
1143. Name: Astana | Trains: [] |
1144. Name: Oskemen | Trains: [] |
1145. Name: Almaty | Trains: [] |
1146. Name: Astana | Trains: [] |
1147. Name: Oskemen | Trains: [] |
1148. Name: Almaty | Trains: [] |
1149. Name: Astana | Trains: [] |
1150. Name: Oskemen | Trains: [] |
1151. Name: Almaty | Trains: [] |
1152. Name: Astana | Trains: [] |
1153. Name: Oskemen | Trains: [] |
1154. Name: Almaty | Trains: [] |
1155. Name: Astana | Trains: [] |
1156. Name: Oskemen | Trains: [] |
1157. Name: Almaty | Trains: [] |
1158. Name: Astana | Trains: [] |
1159. Name: Oskemen | Trains: [] |
1160. Name: Almaty | Trains: [] |
1161. Name: Astana | Trains: [] |
1162. Name: Oskemen | Trains: [] |
1163. Name: Almaty | Trains: [] |
1164. Name: Astana | Trains: [] |
1165. Name: Oskemen | Trains: [] |
1166. Name: Almaty | Trains: [] |
1167. Name: Astana | Trains: [] |
1168. Name: Oskemen | Trains: [] |
1169. Name: Almaty | Trains: [] |
1170. Name: Astana | Trains: [] |
1171. Name: Oskemen | Trains: [] |
1172. Name: Almaty | Trains: [] |
1173. Name: Astana | Trains: [] |
1174. Name: Oskemen | Trains: [] |
1175. Name: Almaty | Trains: [] |
1176. Name: Astana | Trains: [] |
1177. Name: Oskemen | Trains: [] |
1178. Name: Almaty | Trains: [] |
1179. Name: Astana | Trains: [] |
1180. Name: Oskemen | Trains: [] |
1181. Name: Almaty | Trains: [] |
1182. Name: Astana | Trains: [] |
1183. Name: Oskemen | Trains: [] |
1184. Name: Almaty | Trains: [] |
1185. Name: Astana | Trains: [] |
1186. Name: Oskemen | Trains: [] |
1187. Name: Almaty | Trains: [] |
1188. Name: Astana | Trains: [] |
1189. Name: Oskemen | Trains: [] |
1190. Name: Almaty | Trains: [] |
1191. Name: Astana | Trains: [] |
1192. Name: Oskemen | Trains: [] |
1193. Name: Almaty | Trains: [] |
1194. Name: Astana | Trains: [] |
1195. Name: Oskemen | Trains: [] |
1196. Name: Almaty | Trains: [] |
1197. Name: Astana | Trains: [] |
1198. Name: Oskemen | Trains: [] |
1199. Name: Almaty | Trains: [] |
1200. Name: Astana | Trains: [] |
1201. Name: Oskemen | Trains: [] |
1202. Name: Almaty | Trains: [] |
1203. Name: Astana | Trains: [] |
1204. Name: Oskemen | Trains: [] |
1205. Name: Almaty | Trains: [] |
1206. Name: Astana | Trains: [] |
1207. Name: Oskemen | Trains: [] |
1208. Name: Almaty | Trains: [] |
1209. Name: Astana | Trains: [] |
1210. Name: Oskemen | Trains: [] |
1211. Name: Almaty | Trains: [] |
1212. Name: Astana | Trains: [] |
1213. Name: Oskemen | Trains: [] |
1214. Name: Almaty | Trains: [] |
1215. Name: Astana | Trains: [] |
1216. Name: Oskemen | Trains: [] |
1217. Name: Almaty | Trains: [] |
1218. Name: Astana | Trains: [] |
1219. Name: Oskemen | Trains: [] |
1220. Name: Almaty | Trains: [] |
1221. Name: Astana | Trains: [] |
1222. Name: Oskemen | Trains: [] |
1223. Name: Almaty | Trains: [] |
1224. Name: Astana | Trains: [] |
1225. Name: Oskemen | Trains: [] |
1226. Name: Almaty | Trains: [] |
1227. Name: Astana | Trains: [] |
1228. Name: Oskemen | Trains: [] |
1229. Name: Almaty | Trains: [] |
1230. Name: Astana | Trains: [] |
1231. Name: Oskemen | Trains: [] |
1232. Name: Almaty | Trains: [] |
1233. Name: Astana | Trains: [] |
1234. Name: Oskemen | Trains: [] |
1235. Name: Almaty | Trains: [] |
1236. Name: Astana | Trains: [] |
1237. Name: Oskemen | Trains: [] |
1238. Name: Almaty | Trains: [] |
1239. Name: Astana | Trains: [] |
1240. Name: Oskemen | Trains: [] |
1241. Name: Almaty | Trains: [] |
1242. Name: Astana | Trains: [] |
1243. Name: Oskemen | Trains: [] |
1244. Name: Almaty | Trains: [] |
1245. Name: Astana | Trains: [] |
1246. Name: Oskemen | Trains: [] |
1247. Name: Almaty | Trains: [] |
1248. Name: Astana | Trains: [] |
1249. Name: Oskemen | Trains: [] |
1250. Name: Almaty | Trains: [] |
1251. Name: Astana | Trains: [] |
1252. Name: Oskemen | Trains: [] |
1253. Name: Almaty | Trains: [] |
1254. Name: Astana | Trains: [] |
1255. Name: Oskemen | Trains: [] |
1256. Name: Almaty | Trains: [] |
1257. Name: Astana | Trains: [] |
1258. Name: Oskemen | Trains: [] |
1259. Name: Almaty | Trains: [] |
1260. Name: Astana | Trains: [] |
1261. Name: Oskemen | Trains: [] |
1262. Name: Almaty | Trains: [] |
1263. Name: Astana | Trains: [] |
1264. Name: Oskemen | Trains: [] |
1265. Name: Almaty | Trains: [] |
1266. Name: Astana | Trains: [] |
1267. Name: Oskemen | Trains: [] |
1268. Name: Almaty | Trains: [] |
1269. Name: Astana | Trains: [] |
1270. Name: Oskemen | Trains: [] |
1271. Name: Almaty | Trains: [] |
1272. Name: Astana | Trains: [] |
1273. Name: Oskemen | Trains: [] |
1274. Name: Almaty | Trains: [] |
1275. Name: Astana | Trains: [] |
1276. Name: Oskemen | Trains: [] |
1277. Name: Almaty | Trains: [] |
1278. Name: Astana | Trains: [] |
1279. Name: Oskemen | Trains: [] |
1280. Name: Almaty | Trains: [] |
1281. Name: Astana | Trains: [] |
1282. Name: Oskemen | Trains: [] |
1283. Name: Almaty | Trains: [] |
1284. Name: Astana | Trains: [] |
1285. Name: Oskemen | Trains: [] |
1286. Name: Almaty | Trains: [] |
1287. Name: Astana | Trains: [] |
1288. Name: Oskemen | Trains: [] |
1289. Name: Almaty | Trains: [] |
1290. Name: Astana | Trains: [] |
1291. Name: Oskemen | Trains: [] |
1292. Name: Almaty | Trains: [] |
1293. Name: Astana | Trains: [] |
1294. Name: Oskemen | Trains: [] |
1295. Name: Almaty | Trains: [] |
1296. Name: Astana | Trains: [] |
1297. Name: Oskemen | Trains: [] |
1298. Name: Almaty | Trains: [] |
1299. Name: Astana | Trains: [] |
1300. Name: Oskemen | Trains: [] |
1301. Name: Almaty | Trains: [] |
1302. Name: Astana | Trains: [] |
1303. Name: Oskemen | Trains: [] |
1304. Name: Almaty | Trains: [] |
1305. Name: Astana | Trains: [] |
1306. Name: Oskemen | Trains: [] |
1307. Name: Almaty | Trains: [] |
1308. Name: Astana | Trains: [] |
1309. Name: Oskemen | Trains: [] |
1310. Name: Almaty | Trains: [] |
1311. Name: Astana | Trains: [] |
1312. Name: Oskemen | Trains: [] |
1313. Name: Almaty | Trains: [] |
1314. Name: Astana | Trains: [] |
1315. Name: Oskemen | Trains: [] |
1316. Name: Almaty | Trains: [] |
1317. Name: Astana | Trains: [] |
1318. Name: Oskemen | Trains: [] |
1319. Name: Almaty | Trains: [] |
1320. Name: Astana | Trains: [] |
1321. Name: Oskemen | Trains: [] |
1322. Name: Almaty | Trains: [] |
1323. Name: Astana | Trains: [] |
1324. Name: Oskemen | Trains: [] |
1325. Name: Almaty | Trains: [] |
1326. Name: Astana | Trains: [] |
1327. Name: Oskemen | Trains: [] |
1328. Name: Almaty | Trains: [] |
1329. Name: Astana | Trains: [] |
1330. Name: Oskemen | Trains: [] |
1331. Name: Almaty | Trains: [] |
1332. Name: Astana | Trains: [] |
1333. Name: Oskemen | Trains: [] |
1334. Name: Almaty | Trains: [] |
1335. Name: Astana | Trains: [] |
1336. Name: Oskemen | Trains: [] |
1337. Name: Almaty | Trains: [] |
1338. Name: Astana | Trains: [] |
1339. Name: Oskemen | Trains: [] |
1340. Name: Almaty | Trains: [] |
1341. Name: Astana | Trains: [] |
1342. Name: Oskemen | Trains: [] |
1343. Name: Almaty | Trains: [] |
1344. Name: Astana | Trains: [] |
1345. Name: Oskemen | Trains: [] |
1346. Name: Almaty | Trains: [] |
1347. Name: Astana | Trains: [] |
1348. Name: Oskemen | Trains: [] |
1349. Name: Almaty | Trains: [] |
1350. Name: Astana | Trains: [] |
1351. Name: Oskemen | Trains: [] |
1352. Name: Almaty | Trains: [] |
1353. Name: Astana | Trains: [] |
1354. Name: Oskemen | Trains: [] |
1355. Name: Almaty | Trains: [] |
1356. Name: Astana | Trains: [] |
1357. Name: Oskemen | Trains: [] |
1358. Name: Almaty | Trains: [] |
1359. Name: Astana | Trains: [] |
1360. Name: Oskemen | Trains: [] |
1361. Name: Almaty | Trains: [] |
1362. Name: Astana | Trains: [] |
1363. Name: Oskemen | Trains: [] |
1364. Name: Almaty | Trains: [] |
1365. Name: Astana | Trains: [] |
1366. Name: Oskemen | Trains: [] |
1367. Name: Almaty | Trains: [] |
1368. Name: Astana | Trains: [] |
1369. Name: Oskemen | Trains: [] |
1370. Name: Almaty | Trains: [] |
1371. Name: Astana | Trains: [] |
1372. Name: Oskemen | Trains: [] |
1373. Name: Almaty | Trains: [] |
1374. Name: Astana | Trains: [] |
1375. Name: Oskemen | Trains: [] |
1376. Name: Almaty | Trains: [] |
1377. Name: Astana | Trains: [] |
1378. Name: Oskemen | Trains: [] |
1379. Name: Almaty | Trains: [] |
1380. Name: Astana | Trains: [] |
1381. Name: Oskemen | Trains: [] |
1382. Name: Almaty | Trains: [] |
1383. Name: Astana | Trains: [] |
1384. Name: Oskemen | Trains: [] |
1385. Name: Almaty | Trains: [] |
1386. Name: Astana | Trains: [] |
1387. Name: Oskemen | Trains: [] |
1388. Name: Almaty | Trains: [] |
1389. Name: Astana | Trains: [] |
1390. Name: Oskemen | Trains: [] |
1391. Name: Almaty | Trains: [] |
1392. Name: Astana | Trains: [] |
1393. Name: Oskemen | Trains: [] |
1394. Name: Almaty | Trains: [] |
1395. Name: Astana | Trains: [] |
1396. Name: Oskemen | Trains: [] |
1397. Name: Almaty | Trains: [] |
1398. Name: Astana | Trains: [] |
1399. Name: Oskemen | Trains: [] |
1400. Name: Almaty | Trains: [] |
1401. Name: Astana | Trains: [] |
1402. Name: Oskemen | Trains: [] |
1403. Name: root | Trains: [] |
1404. Name: Almaty | Trains: [] |
1405. Name: Astana | Trains: [] |
1406. Name: Quapshagai | Trains: [] |
1407. Name: Almaty | Trains: [] |
1408. Name: Astana | Trains: [] |
1409. Name: Quapshagai | Trains: [] |
1410. Name: Almaty | Trains: [] |
1411. Name: Astana | Trains: [] |
1412. Name: Quapshagai | Trains: [] |
1413. Name: Almaty | Trains: [] |
1414. Name: Astana | Trains: [] |
1415. Name: Quapshagai | Trains: [] |
1416. Name: Almaty | Trains: [] |
1417. Name: Astana | Trains: [] |
1418. Name: Quapshagai | Trains: [] |
1419. Name: Almaty | Trains: [] |
1420. Name: Astana | Trains: [] |
1421. Name: Quapshagai | Trains: [] |
1422. Name: Almaty | Trains: [] |
1423. Name: Astana | Trains: [] |
1424. Name: Quapshagai | Trains: [] |
1425. Name: Almaty | Trains: [] |
1426. Name: Astana | Trains: [] |
1427. Name: Quapshagai | Trains: [] |
1428. Name: Almaty | Trains: [] |
1429. Name: Astana | Trains: [] |
1430. Name: Quapshagai | Trains: [] |
1431. Name: Almaty | Trains: [] |
1432. Name: Astana | Trains: [] |
1433. Name: Quapshagai | Trains: [] |
1434. Name: Almaty | Trains: [] |
1435. Name: Astana | Trains: [] |
1436. Name: Quapshagai | Trains: [] |
1437. Name: Almaty | Trains: [] |
1438. Name: Astana | Trains: [] |
1439. Name: Quapshagai | Trains: [] |
1440. Name: Almaty | Trains: [] |
1441. Name: Astana | Trains: [] |
1442. Name: Quapshagai | Trains: [] |
1443. Name: Almaty | Trains: [] |
1444. Name: Astana | Trains: [] |
1445. Name: Quapshagai | Trains: [] |
1446. Name: Almaty | Trains: [] |
1447. Name: Astana | Trains: [] |
1448. Name: Quapshagai | Trains: [] |
1449. Name: Almaty | Trains: [] |
1450. Name: Astana | Trains: [] |
1451. Name: Quapshagai | Trains: [] |
1452. Name: Almaty | Trains: [] |
1453. Name: Astana | Trains: [] |
1454. Name: Quapshagai | Trains: [] |
1455. Name: Almaty | Trains: [] |
1456. Name: Astana | Trains: [] |
1457. Name: Quapshagai | Trains: [] |
1458. Name: Almaty | Trains: [] |
1459. Name: Astana | Trains: [] |
1460. Name: Quapshagai | Trains: [] |
1461. Name: Almaty | Trains: [] |
1462. Name: Astana | Trains: [] |
1463. Name: Quapshagai | Trains: [] |
1464. Name: Almaty | Trains: [] |
1465. Name: Astana | Trains: [] |
1466. Name: Quapshagai | Trains: [] |
1467. Name: Almaty | Trains: [] |
1468. Name: Astana | Trains: [] |
1469. Name: Quapshagai | Trains: [] |
1470. Name: Almaty | Trains: [] |
1471. Name: Astana | Trains: [] |
1472. Name: Quapshagai | Trains: [] |
1473. Name: Almaty | Trains: [] |
1474. Name: Astana | Trains: [] |
1475. Name: Quapshagai | Trains: [] |
1476. Name: Almaty | Trains: [] |
1477. Name: Astana | Trains: [] |
1478. Name: Quapshagai | Trains: [] |
1479. Name: Almaty | Trains: [] |
1480. Name: Astana | Trains: [] |
1481. Name: Quapshagai | Trains: [] |
1482. Name: Almaty | Trains: [] |
1483. Name: Astana | Trains: [] |
1484. Name: Quapshagai | Trains: [] |
1485. Name: Almaty | Trains: [] |
1486. Name: Astana | Trains: [] |
1487. Name: Quapshagai | Trains: [] |
1488. Name: Almaty | Trains: [] |
1489. Name: Astana | Trains: [] |
1490. Name: Quapshagai | Trains: [] |
1491. Name: Almaty | Trains: [] |
1492. Name: Astana | Trains: [] |
1493. Name: Quapshagai | Trains: [] |
1494. Name: Almaty | Trains: [] |
1495. Name: Astana | Trains: [] |
1496. Name: Quapshagai | Trains: [] |
1497. Name: Almaty | Trains: [] |
1498. Name: Astana | Trains: [] |
1499. Name: Quapshagai | Trains: [] |
1500. Name: Almaty | Trains: [] |
1501. Name: Astana | Trains: [] |
1502. Name: Quapshagai | Trains: [] |
1503. Name: Almaty | Trains: [] |
1504. Name: Astana | Trains: [] |
1505. Name: Quapshagai | Trains: [] |
1506. Name: Almaty | Trains: [] |
1507. Name: Astana | Trains: [] |
1508. Name: Quapshagai | Trains: [] |
1509. Name: Almaty | Trains: [] |
1510. Name: Astana | Trains: [] |
1511. Name: Quapshagai | Trains: [] |
1512. Name: Almaty | Trains: [] |
1513. Name: Astana | Trains: [] |
1514. Name: Quapshagai | Trains: [] |
1515. Name: Almaty | Trains: [] |
1516. Name: Astana | Trains: [] |
1517. Name: Quapshagai | Trains: [] |
1518. Name: Almaty | Trains: [] |
1519. Name: Astana | Trains: [] |
1520. Name: Quapshagai | Trains: [] |
1521. Name: Almaty | Trains: [] |
1522. Name: Astana | Trains: [] |
1523. Name: Quapshagai | Trains: [] |
1524. Name: Almaty | Trains: [] |
1525. Name: Astana | Trains: [] |
1526. Name: Quapshagai | Trains: [] |
1527. Name: Almaty | Trains: [] |
1528. Name: Astana | Trains: [] |
1529. Name: Quapshagai | Trains: [] |
1530. Name: Almaty | Trains: [] |
1531. Name: Astana | Trains: [] |
1532. Name: Quapshagai | Trains: [] |
1533. Name: Almaty | Trains: [] |
1534. Name: Astana | Trains: [] |
1535. Name: Quapshagai | Trains: [] |
1536. Name: Almaty | Trains: [] |
1537. Name: Astana | Trains: [] |
1538. Name: Quapshagai | Trains: [] |
1539. Name: Almaty | Trains: [] |
1540. Name: Astana | Trains: [] |
1541. Name: Quapshagai | Trains: [] |
1542. Name: Almaty | Trains: [] |
1543. Name: Astana | Trains: [] |
1544. Name: Quapshagai | Trains: [] |
1545. Name: Almaty | Trains: [] |
1546. Name: Astana | Trains: [] |
1547. Name: Quapshagai | Trains: [] |
1548. Name: Almaty | Trains: [] |
1549. Name: Astana | Trains: [] |
1550. Name: Quapshagai | Trains: [] |
1551. Name: Almaty | Trains: [] |
1552. Name: Astana | Trains: [] |
1553. Name: Quapshagai | Trains: [] |
1554. Name: Almaty | Trains: [] |
1555. Name: Astana | Trains: [] |
1556. Name: Quapshagai | Trains: [] |
1557. Name: Almaty | Trains: [] |
1558. Name: Astana | Trains: [] |
1559. Name: Quapshagai | Trains: [] |
1560. Name: Almaty | Trains: [] |
1561. Name: Astana | Trains: [] |
1562. Name: Quapshagai | Trains: [] |
1563. Name: Almaty | Trains: [] |
1564. Name: Astana | Trains: [] |
1565. Name: Quapshagai | Trains: [] |
1566. Name: Almaty | Trains: [] |
1567. Name: Astana | Trains: [] |
1568. Name: Quapshagai | Trains: [] |
1569. Name: Almaty | Trains: [] |
1570. Name: Astana | Trains: [] |
1571. Name: Quapshagai | Trains: [] |
1572. Name: Almaty | Trains: [] |
1573. Name: Astana | Trains: [] |
1574. Name: Quapshagai | Trains: [] |
1575. Name: Almaty | Trains: [] |
1576. Name: Astana | Trains: [] |
1577. Name: Quapshagai | Trains: [] |
1578. Name: Almaty | Trains: [] |
1579. Name: Astana | Trains: [] |
1580. Name: Quapshagai | Trains: [] |
1581. Name: Almaty | Trains: [] |
1582. Name: Astana | Trains: [] |
1583. Name: Quapshagai | Trains: [] |
1584. Name: Almaty | Trains: [] |
1585. Name: Astana | Trains: [] |
1586. Name: Quapshagai | Trains: [] |
1587. Name: Almaty | Trains: [] |
1588. Name: Astana | Trains: [] |
1589. Name: Quapshagai | Trains: [] |
1590. Name: Almaty | Trains: [] |
1591. Name: Astana | Trains: [] |
1592. Name: Quapshagai | Trains: [] |
1593. Name: Almaty | Trains: [] |
1594. Name: Astana | Trains: [] |
1595. Name: Quapshagai | Trains: [] |
1596. Name: Almaty | Trains: [] |
1597. Name: Astana | Trains: [] |
1598. Name: Quapshagai | Trains: [] |
1599. Name: Almaty | Trains: [] |
1600. Name: Astana | Trains: [] |
1601. Name: Quapshagai | Trains: [] |
1602. Name: Almaty | Trains: [] |
1603. Name: Astana | Trains: [] |
1604. Name: Quapshagai | Trains: [] |
1605. Name: Almaty | Trains: [] |
1606. Name: Astana | Trains: [] |
1607. Name: Quapshagai | Trains: [] |
1608. Name: Almaty | Trains: [] |
1609. Name: Astana | Trains: [] |
1610. Name: Quapshagai | Trains: [] |
1611. Name: Almaty | Trains: [] |
1612. Name: Astana | Trains: [] |
1613. Name: Quapshagai | Trains: [] |
1614. Name: Almaty | Trains: [] |
1615. Name: Astana | Trains: [] |
1616. Name: Quapshagai | Trains: [] |
1617. Name: Almaty | Trains: [] |
1618. Name: Astana | Trains: [] |
1619. Name: Quapshagai | Trains: [] |
1620. Name: Almaty | Trains: [] |
1621. Name: Astana | Trains: [] |
1622. Name: Quapshagai | Trains: [] |
1623. Name: Almaty | Trains: [] |
1624. Name: Astana | Trains: [] |
1625. Name: Quapshagai | Trains: [] |
1626. Name: Almaty | Trains: [] |
1627. Name: Astana | Trains: [] |
1628. Name: Quapshagai | Trains: [] |
1629. Name: Almaty | Trains: [] |
1630. Name: Astana | Trains: [] |
1631. Name: Quapshagai | Trains: [] |
1632. Name: Almaty | Trains: [] |
1633. Name: Astana | Trains: [] |
1634. Name: Quapshagai | Trains: [] |
1635. Name: Almaty | Trains: [] |
1636. Name: Astana | Trains: [] |
1637. Name: Quapshagai | Trains: [] |
1638. Name: Almaty | Trains: [] |
1639. Name: Astana | Trains: [] |
1640. Name: Quapshagai | Trains: [] |
1641. Name: Almaty | Trains: [] |
1642. Name: Astana | Trains: [] |
1643. Name: Quapshagai | Trains: [] |
1644. Name: Almaty | Trains: [] |
1645. Name: Astana | Trains: [] |
1646. Name: Quapshagai | Trains: [] |
1647. Name: Almaty | Trains: [] |
1648. Name: Astana | Trains: [] |
1649. Name: Quapshagai | Trains: [] |
1650. Name: Almaty | Trains: [] |
1651. Name: Astana | Trains: [] |
1652. Name: Quapshagai | Trains: [] |
1653. Name: Almaty | Trains: [] |
1654. Name: Astana | Trains: [] |
1655. Name: Quapshagai | Trains: [] |
1656. Name: Almaty | Trains: [] |
1657. Name: Astana | Trains: [] |
1658. Name: Quapshagai | Trains: [] |
1659. Name: Almaty | Trains: [] |
1660. Name: Astana | Trains: [] |
1661. Name: Quapshagai | Trains: [] |
1662. Name: Almaty | Trains: [] |
1663. Name: Astana | Trains: [] |
1664. Name: Quapshagai | Trains: [] |
1665. Name: Almaty | Trains: [] |
1666. Name: Astana | Trains: [] |
1667. Name: Quapshagai | Trains: [] |
1668. Name: Station1 | Trains: [] |
1669. Name: Station2 | Trains: [] |
1670. Name: Almaty | Trains: [] |
1671. Name: Astana | Trains: [] |
1672. Name: Quapshagai | Trains: [] |
1673. Name: Almaty | Trains: [] |
1674. Name: Astana | Trains: [] |
1675. Name: Quapshagai | Trains: [] |
1676. Name: Almaty | Trains: [] |
1677. Name: Astana | Trains: [] |
1678. Name: Quapshagai | Trains: [] |
1679. Name: Almaty | Trains: [] |
1680. Name: Astana | Trains: [] |
1681. Name: Quapshagai | Trains: [] |
1682. Name: Almaty | Trains: [] |
1683. Name: Astana | Trains: [] |
1684. Name: Quapshagai | Trains: [] |
1685. Name: Almaty | Trains: [] |
1686. Name: Astana | Trains: [] |
1687. Name: Quapshagai | Trains: [] |
1688. Name: Almaty | Trains: [] |
1689. Name: Astana | Trains: [] |
1690. Name: Quapshagai | Trains: [] |
1691. Name: Station1 | Trains: [] |
1692. Name: Station2 | Trains: [] |
1693. Name: Almaty | Trains: [] |
1694. Name: Astana | Trains: [] |
1695. Name: Quapshagai | Trains: [] |
1696. Name: Almaty | Trains: [] |
1697. Name: Astana | Trains: [] |
1698. Name: Quapshagai | Trains: [] |
1699. Name: Almaty | Trains: [] |
1700. Name: Astana | Trains: [] |
1701. Name: Quapshagai | Trains: [] |
1702. Name: Almaty | Trains: [] |
1703. Name: Astana | Trains: [] |
1704. Name: Quapshagai | Trains: [] |
1705. Name: Almaty | Trains: [] |
1706. Name: Astana | Trains: [] |
1707. Name: Quapshagai | Trains: [] |
1708. Name: Almaty | Trains: [] |
1709. Name: Astana | Trains: [] |
1710. Name: Quapshagai | Trains: [] |
1711. Name: Almaty | Trains: [] |
1712. Name: Astana | Trains: [] |
1713. Name: Quapshagai | Trains: [] |
1714. Name: Almaty | Trains: [] |
1715. Name: Astana | Trains: [] |
1716. Name: Quapshagai | Trains: [] |
1717. Name: Almaty | Trains: [] |
1718. Name: Astana | Trains: [] |
1719. Name: Quapshagai | Trains: [] |
1720. Name: Almaty | Trains: [] |
1721. Name: Astana | Trains: [] |
1722. Name: Quapshagai | Trains: [] |
1723. Name: Almaty | Trains: [] |
1724. Name: Astana | Trains: [] |
1725. Name: Quapshagai | Trains: [] |
1726. Name: Almaty | Trains: [] |
1727. Name: Astana | Trains: [] |
1728. Name: Quapshagai | Trains: [] |
1729. Name: Almaty | Trains: [] |
1730. Name: Astana | Trains: [] |
1731. Name: Quapshagai | Trains: [] |
1732. Name: Almaty | Trains: [] |
1733. Name: Astana | Trains: [] |
1734. Name: Quapshagai | Trains: [] |
1735. Name: Almaty | Trains: [] |
1736. Name: Astana | Trains: [] |
1737. Name: Quapshagai | Trains: [] |
1738. Name: Almaty | Trains: [] |
1739. Name: Astana | Trains: [] |
1740. Name: Quapshagai | Trains: [] |
1741. Name: Almaty | Trains: [] |
1742. Name: Astana | Trains: [] |
1743. Name: Quapshagai | Trains: [] |
1744. Name: Almaty | Trains: [] |
1745. Name: Astana | Trains: [] |
1746. Name: Quapshagai | Trains: [] |
1747. Name: Almaty | Trains: [] |
1748. Name: Astana | Trains: [] |
1749. Name: Quapshagai | Trains: [] |
1750. Name: Almaty | Trains: [] |
1751. Name: Astana | Trains: [] |
1752. Name: Quapshagai | Trains: [] |
1753. Name: Almaty | Trains: [] |
1754. Name: Astana | Trains: [] |
1755. Name: Quapshagai | Trains: [] |
1756. Name: Almaty | Trains: [] |
1757. Name: Almaty | Trains: [] |
1758. Name: Almaty | Trains: [] |
1759. Name: Almaty | Trains: [] |
1760. Name: Almaty | Trains: [] |
1761. Name: Almaty | Trains: [] |
1762. Name: Almaty | Trains: [] |
1763. Name: Almaty | Trains: [] |
1764. Name: Almaty | Trains: [] |
1765. Name: Almaty | Trains: [] |
1766. Name: Almaty | Trains: [] |
1767. Name: Almaty | Trains: [] |
1768. Name: Almaty | Trains: [] |
1769. Name: Almaty | Trains: [] |
1770. Name: Almaty | Trains: [] |
1771. Name: Almaty | Trains: [] |
1772. Name: Almaty | Trains: [] |
1773. Name: Almaty | Trains: [] |
1774. Name: Almaty | Trains: [] |
1775. Name: Almaty | Trains: [] |
1776. Name: Almaty | Trains: [] |
1777. Name: Almaty | Trains: [] |
1778. Name: Almaty | Trains: [] |
1779. Name: Almaty | Trains: [] |
1780. Name: Almaty | Trains: [] |
1781. Name: Almaty | Trains: [] |
1782. Name: Almaty | Trains: [] |
1783. Name: Almaty | Trains: [] |
1784. Name: Almaty | Trains: [] |
1785. Name: Almaty | Trains: [] |
1786. Name: Almaty | Trains: [] |
1787. Name: Astana | Trains: [] |
1788. Name: Oskemen | Trains: [] |
1789. Name: Almaty | Trains: [] |
1790. Name: Astana | Trains: [] |
1791. Name: Oskemen | Trains: [] |
1792. Name: Almaty | Trains: [] |
1793. Name: Astana | Trains: [] |
1794. Name: Oskemen | Trains: [] |
1795. Name: Almaty | Trains: [] |
1796. Name: Astana | Trains: [] |
1797. Name: Oskemen | Trains: [] |
1798. Name: Almaty | Trains: [] |
1799. Name: Astana | Trains: [] |
1800. Name: Oskemen | Trains: [] |
1801. Name: Almaty | Trains: [] |
1802. Name: Astana | Trains: [] |
1803. Name: Oskemen | Trains: [] |
1804. Name: Almaty | Trains: [] |
1805. Name: Astana | Trains: [] |
1806. Name: Oskemen | Trains: [] |
1807. Name: Almaty | Trains: [] |
1808. Name: Astana | Trains: [] |
1809. Name: Oskemen | Trains: [] |
1810. Name: Almaty | Trains: [] |
1811. Name: Astana | Trains: [] |
1812. Name: Oskemen | Trains: [] |
1813. Name: Almaty | Trains: [] |
1814. Name: Astana | Trains: [] |
1815. Name: Oskemen | Trains: [] |
1816. Name: Almaty | Trains: [] |
1817. Name: Astana | Trains: [] |
1818. Name: Oskemen | Trains: [] |
1819. Name: Almaty | Trains: [] |
1820. Name: Astana | Trains: [] |
1821. Name: Oskemen | Trains: [] |
1822. Name: Almaty | Trains: [] |
1823. Name: Astana | Trains: [] |
1824. Name: Oskemen | Trains: [] |
1825. Name: Almaty | Trains: [] |
1826. Name: Astana | Trains: [] |
1827. Name: Oskemen | Trains: [] |
1828. Name: Almaty | Trains: [] |
1829. Name: Astana | Trains: [] |
1830. Name: Oskemen | Trains: [] |
1831. Name: Almaty | Trains: [] |
1832. Name: Astana | Trains: [] |
1833. Name: Oskemen | Trains: [] |
1834. Name: Almaty | Trains: [] |
1835. Name: Astana | Trains: [] |
1836. Name: Oskemen | Trains: [] |
1837. Name: Almaty | Trains: [] |
1838. Name: Astana | Trains: [] |
1839. Name: Oskemen | Trains: [] |
1840. Name: Almaty | Trains: [] |
1841. Name: Astana | Trains: [] |
1842. Name: Oskemen | Trains: [] |
1843. Name: Almaty | Trains: [] |
1844. Name: Astana | Trains: [] |
1845. Name: Oskemen | Trains: [] |
1846. Name: Almaty | Trains: [] |
1847. Name: Astana | Trains: [] |
1848. Name: Quapshagai | Trains: [] |
1849. Name: Almaty | Trains: [] |
1850. Name: Astana | Trains: [] |
1851. Name: Quapshagai | Trains: [] |
1852. Name: Almaty | Trains: [] |
1853. Name: Astana | Trains: [] |
1854. Name: Quapshagai | Trains: [] |
1855. Name: Almaty | Trains: [] |
1856. Name: Astana | Trains: [] |
1857. Name: Quapshagai | Trains: [] |
1858. Name: Almaty | Trains: [] |
1859. Name: Astana | Trains: [] |
1860. Name: Quapshagai | Trains: [] |
1861. Name: Almaty | Trains: [] |
1862. Name: Astana | Trains: [] |
1863. Name: Quapshagai | Trains: [] |
1864. Name: Almaty | Trains: [] |
1865. Name: Astana | Trains: [] |
1866. Name: Quapshagai | Trains: [] |
1867. Name: Almaty | Trains: [] |
1868. Name: Almaty | Trains: [] |
1869. Name: Almaty | Trains: [] |
1870. Name: Almaty | Trains: [] |
1871. Name: Almaty | Trains: [] |
1872. Name: Almaty | Trains: [] |
1873. Name: Almaty | Trains: [] |
1874. Name: Almaty | Trains: [] |
1875. Name: Astana | Trains: [] |
1876. Name: Oskemen | Trains: [] |
1877. Name: Almaty | Trains: [] |
1878. Name: Astana | Trains: [] |
1879. Name: Oskemen | Trains: [] |
1880. Name: Almaty | Trains: [] |
1881. Name: Astana | Trains: [] |
1882. Name: Oskemen | Trains: [] |
1883. Name: Almaty | Trains: [] |
1884. Name: Astana | Trains: [] |
1885. Name: Oskemen | Trains: [] |
1886. Name: Almaty | Trains: [] |
1887. Name: Astana | Trains: [] |
1888. Name: Oskemen | Trains: [] |
1889. Name: Almaty | Trains: [] |
1890. Name: Astana | Trains: [] |
1891. Name: Oskemen | Trains: [] |
1892. Name: Almaty | Trains: [] |
1893. Name: Astana | Trains: [] |
1894. Name: Oskemen | Trains: [] |
1895. Name: Almaty | Trains: [] |
1896. Name: Astana | Trains: [] |
1897. Name: Oskemen | Trains: [] |
1898. Name: Almaty | Trains: [] |
1899. Name: Astana | Trains: [] |
1900. Name: Oskemen | Trains: [] |
1901. Name: Almaty | Trains: [] |
1902. Name: Astana | Trains: [] |
1903. Name: Oskemen | Trains: [] |
1904. Name: Almaty | Trains: [] |
1905. Name: Astana | Trains: [] |
1906. Name: Oskemen | Trains: [] |
1907. Name: Almaty | Trains: [] |
1908. Name: Astana | Trains: [] |
1909. Name: Oskemen | Trains: [] |
1910. Name: Almaty | Trains: [] |
1911. Name: Astana | Trains: [] |
1912. Name: Oskemen | Trains: [] |
1913. Name: Almaty | Trains: [] |
1914. Name: Astana | Trains: [] |
1915. Name: Oskemen | Trains: [] |
1916. Name: Almaty | Trains: [] |
1917. Name: Astana | Trains: [] |
1918. Name: Oskemen | Trains: [] |
1919. Name: Almaty | Trains: [] |
1920. Name: Astana | Trains: [] |
1921. Name: Oskemen | Trains: [] |
1922. Name: Almaty | Trains: [] |
1923. Name: Astana | Trains: [] |
1924. Name: Oskemen | Trains: [] |
1925. Name: Almaty | Trains: [] |
1926. Name: Astana | Trains: [] |
1927. Name: Oskemen | Trains: [] |
1928. Name: Almaty | Trains: [] |
1929. Name: Astana | Trains: [] |
1930. Name: Oskemen | Trains: [] |
1931. Name: Almaty | Trains: [] |
1932. Name: Astana | Trains: [] |
1933. Name: Oskemen | Trains: [] |
1934. Name: Almaty | Trains: [] |
1935. Name: Astana | Trains: [] |
1936. Name: Oskemen | Trains: [] |
1937. Name: Almaty | Trains: [] |
1938. Name: Astana | Trains: [] |
1939. Name: Oskemen | Trains: [] |
1940. Name: Almaty | Trains: [] |
1941. Name: Astana | Trains: [] |
1942. Name: Oskemen | Trains: [] |
1943. Name: Almaty | Trains: [] |
1944. Name: Astana | Trains: [] |
1945. Name: Oskemen | Trains: [] |
1946. Name: Almaty | Trains: [] |
1947. Name: Astana | Trains: [] |
1948. Name: Oskemen | Trains: [] |
1949. Name: Almaty | Trains: [] |
1950. Name: Astana | Trains: [] |
1951. Name: Oskemen | Trains: [] |
1952. Name: Almaty | Trains: [] |
1953. Name: Astana | Trains: [] |
1954. Name: Oskemen | Trains: [] |
1955. Name: Almaty | Trains: [] |
1956. Name: Astana | Trains: [] |
1957. Name: Oskemen | Trains: [] |
1958. Name: Almaty | Trains: [] |
1959. Name: Astana | Trains: [] |
1960. Name: Oskemen | Trains: [] |
1961. Name: Almaty | Trains: [] |
1962. Name: Astana | Trains: [] |
1963. Name: Oskemen | Trains: [] |
1964. Name: Almaty | Trains: [] |
1965. Name: Astana | Trains: [] |
1966. Name: Oskemen | Trains: [] |
1967. Name: Almaty | Trains: [] |
1968. Name: Astana | Trains: [] |
1969. Name: Oskemen | Trains: [] |
1970. Name: Almaty | Trains: [] |
1971. Name: Astana | Trains: [] |
1972. Name: Oskemen | Trains: [] |
1973. Name: Almaty | Trains: [] |
1974. Name: Astana | Trains: [] |
1975. Name: Oskemen | Trains: [] |
1976. Name: Almaty | Trains: [] |
1977. Name: Astana | Trains: [] |
1978. Name: Oskemen | Trains: [] |
1979. Name: Almaty | Trains: [] |
1980. Name: Astana | Trains: [] |
1981. Name: Oskemen | Trains: [] |
1982. Name: Almaty | Trains: [] |
1983. Name: Astana | Trains: [] |
1984. Name: Oskemen | Trains: [] |
1985. Name: Almaty | Trains: [] |
1986. Name: Astana | Trains: [] |
1987. Name: Oskemen | Trains: [] |
1988. Name: Almaty | Trains: [] |
1989. Name: Astana | Trains: [] |
1990. Name: Oskemen | Trains: [] |
1991. Name: Almaty | Trains: [] |
1992. Name: Astana | Trains: [] |
1993. Name: Oskemen | Trains: [] |
